\BOOKMARK [0][-]{section*.1}{\376\377\000\315\000n\000d\000i\000c\000e\000\040\000d\000e\000\040\000c\000o\000n\000t\000e\000n\000i\000d\000o\000s}{}% 1
\BOOKMARK [0][-]{section*.3}{\376\377\000\315\000n\000d\000i\000c\000e\000\040\000d\000e\000\040\000f\000i\000g\000u\000r\000a\000s}{}% 2
\BOOKMARK [0][-]{section*.5}{\376\377\000\315\000n\000d\000i\000c\000e\000\040\000d\000e\000\040\000c\000u\000a\000d\000r\000o\000s}{}% 3
\BOOKMARK [0][-]{section*.7}{\376\377\000G\000l\000o\000s\000a\000r\000i\000o}{}% 4
\BOOKMARK [0][-]{section*.9}{\376\377\000S\000i\000g\000l\000a\000s}{}% 5
\BOOKMARK [0][-]{section*.11}{\376\377\000S\000\355\000m\000b\000o\000l\000o\000s}{}% 6
\BOOKMARK [0][-]{section*.13}{\376\377\000R\000e\000s\000u\000m\000e\000n}{}% 7
\BOOKMARK [0][-]{section*.15}{\376\377\000A\000b\000s\000t\000r\000a\000c\000t}{}% 8
\BOOKMARK [0][-]{chapter.1}{\376\377\000I\000n\000t\000r\000o\000d\000u\000c\000c\000i\000\363\000n}{}% 9
\BOOKMARK [-1][-]{part.1}{\376\377\000I\000\040\000D\000i\000n\000\341\000m\000i\000c\000a\000\040\000N\000e\000u\000r\000o\000n\000a\000l\000\040\000y\000\040\000C\000o\000m\000p\000o\000r\000t\000a\000m\000i\000e\000n\000t\000o\000s\000\040\000E\000m\000e\000r\000g\000e\000n\000t\000e\000s\000\040\000e\000n\000\040\000C\000.\000\040\000e\000l\000e\000g\000a\000n\000s}{}% 10
\BOOKMARK [0][-]{chapter.2}{\376\377\000C\000o\000m\000p\000o\000r\000t\000a\000m\000i\000e\000n\000t\000o\000s\000\040\000e\000m\000e\000r\000g\000e\000n\000t\000e\000s\000\040}{part.1}% 11
\BOOKMARK [1][-]{section.2.1}{\376\377\000A\000s\000p\000e\000c\000t\000o\000s\000\040\000b\000i\000o\000l\000\363\000g\000i\000c\000o\000s\000\040\000d\000e\000l\000\040\000C\000.\000\040\000e\000l\000e\000g\000a\000n\000s}{chapter.2}% 12
\BOOKMARK [2][-]{subsection.2.1.1}{\376\377\000S\000i\000s\000t\000e\000m\000a\000\040\000n\000e\000r\000v\000i\000o\000s\000o}{section.2.1}% 13
\BOOKMARK [2][-]{subsection.2.1.2}{\376\377\000L\000o\000c\000o\000m\000o\000c\000i\000\363\000n}{section.2.1}% 14
\BOOKMARK [2][-]{subsection.2.1.3}{\376\377\000Q\000u\000i\000m\000i\000o\000s\000e\000n\000s\000a\000c\000i\000\363\000n\000\040\000e\000n\000\040\000C\000.\000\040\000e\000l\000e\000g\000a\000n\000s}{section.2.1}% 15
\BOOKMARK [1][-]{section.2.2}{\376\377\000C\000o\000n\000e\000c\000t\000o\000m\000a}{chapter.2}% 16
\BOOKMARK [2][-]{subsection.2.2.1}{\376\377\000M\000\351\000t\000o\000d\000o\000s\000\040\000d\000e\000\040\000R\000e\000c\000o\000n\000s\000t\000r\000u\000c\000c\000i\000\363\000n\000\040\000d\000e\000\040\000C\000o\000n\000e\000c\000t\000o\000m\000a\000s}{section.2.2}% 17
\BOOKMARK [2][-]{subsection.2.2.2}{\376\377\000C\000o\000n\000e\000c\000t\000o\000m\000a\000\040\000d\000e\000\040\000C\000.\000\040\000e\000l\000e\000g\000a\000n\000s\000\040\000C\000o\000m\000p\000l\000e\000t\000o\000\040\000\050\000C\000o\000o\000k\000\040\000e\000t\000\040\000a\000l\000.\000,\000\040\0002\0000\0001\0009\000\051}{section.2.2}% 18
\BOOKMARK [1][-]{section.2.3}{\376\377\000\040\000R\000e\000g\000i\000s\000t\000r\000o\000\040\000a\000\040\000G\000r\000a\000n\000\040\000E\000s\000c\000a\000l\000a\000\040\000d\000e\000\040\000l\000a\000\040\000A\000c\000t\000i\000v\000i\000d\000a\000d\000\040\000N\000e\000u\000r\000o\000n\000a\000l\000\040\000e\000n\000\040\000C\000.\000\040\000e\000l\000e\000g\000a\000n\000s}{chapter.2}% 19
\BOOKMARK [2][-]{subsection.2.3.1}{\376\377\000M\000a\000p\000e\000o\000\040\000d\000e\000\040\000l\000a\000\040\000A\000c\000t\000i\000v\000i\000d\000a\000d\000\040\000N\000e\000u\000r\000o\000n\000a\000l\000\040\000A\000s\000o\000c\000i\000a\000d\000a\000\040\000a\000\040\000l\000a\000\040\000L\000o\000c\000o\000m\000o\000c\000i\000\363\000n}{section.2.3}% 20
\BOOKMARK [2][-]{subsection.2.3.2}{\376\377\000I\000m\000p\000l\000e\000m\000e\000n\000t\000a\000c\000i\000\363\000n\000\040\000N\000e\000u\000r\000a\000l\000\040\000d\000e\000\040\000J\000e\000r\000a\000r\000q\000u\000\355\000a\000s\000\040\000C\000o\000n\000d\000u\000c\000t\000u\000a\000l\000e\000s}{section.2.3}% 21
\BOOKMARK [2][-]{subsection.2.3.3}{\376\377\000N\000e\000u\000r\000o\000P\000A\000L\000:\000\040\000U\000n\000\040\000A\000v\000a\000n\000c\000e\000\040\000e\000n\000\040\000l\000a\000\040\000I\000d\000e\000n\000t\000i\000f\000i\000c\000a\000c\000i\000\363\000n\000\040\000N\000e\000u\000r\000o\000n\000a\000l\000\040\000e\000n\000\040\000C\000.\000\040\000e\000l\000e\000g\000a\000n\000s}{section.2.3}% 22
\BOOKMARK [1][-]{section.2.4}{\376\377\000M\000o\000d\000e\000l\000o\000\040\000d\000e\000\040\000P\000r\000o\000c\000e\000s\000a\000m\000i\000e\000n\000t\000o\000\040\000S\000e\000n\000s\000o\000r\000i\000o\000m\000o\000t\000o\000r\000\040\000e\000n\000\040\000C\000.\000\040\000e\000l\000e\000g\000a\000n\000s\000:\000\040\000U\000n\000a\000\040\000P\000e\000r\000s\000p\000e\000c\000t\000i\000v\000a\000\040\000D\000i\000s\000t\000r\000i\000b\000u\000i\000d\000a\000\040\000y\000\040\000D\000i\000n\000\341\000m\000i\000c\000a}{chapter.2}% 23
\BOOKMARK [1][-]{section.2.5}{\376\377\000I\000n\000t\000e\000g\000r\000a\000c\000i\000\363\000n\000\040\000d\000e\000\040\000M\000o\000d\000e\000l\000o\000s\000\040\000R\000o\000b\000\363\000t\000i\000c\000o\000s\000\040\000y\000\040\000N\000e\000u\000r\000o\000b\000i\000o\000l\000o\000g\000\355\000a\000\040\000e\000n\000\040\000C\000.\000\040\000e\000l\000e\000g\000a\000n\000s\000\040\000p\000a\000r\000a\000\040\000l\000a\000\040\000I\000n\000v\000e\000s\000t\000i\000g\000a\000c\000i\000\363\000n\000\040\000e\000n\000\040\000N\000e\000u\000r\000o\000-\000r\000o\000b\000\363\000t\000i\000c\000a}{chapter.2}% 24
\BOOKMARK [1][-]{section.2.6}{\376\377\000D\000i\000s\000c\000u\000s\000i\000\363\000n}{chapter.2}% 25
\BOOKMARK [2][-]{subsection.2.6.1}{\376\377\000H\000i\000p\000\363\000t\000e\000s\000i\000s\000\040\000y\000\040\000O\000b\000j\000e\000t\000i\000v\000o\000s}{section.2.6}% 26
\BOOKMARK [2][-]{subsection.2.6.2}{\376\377\000O\000b\000j\000e\000t\000i\000v\000o\000s\000\040\000G\000e\000n\000e\000r\000a\000l\000e\000s\000\040\000y\000\040\000E\000s\000p\000e\000c\000\355\000f\000i\000c\000o\000s}{section.2.6}% 27
\BOOKMARK [2][-]{subsection.2.6.3}{\376\377\000O\000b\000j\000e\000t\000i\000v\000o\000\040\000G\000e\000n\000e\000r\000a\000l}{section.2.6}% 28
\BOOKMARK [0][-]{chapter.3}{\376\377\000M\000\351\000t\000o\000d\000o\000s\000\040\000y\000\040\000m\000o\000n\000t\000a\000j\000e\000\040\000e\000x\000p\000e\000r\000i\000m\000e\000n\000t\000a\000l}{part.1}% 29
\BOOKMARK [1][-]{section.3.1}{\376\377\000M\000o\000d\000e\000l\000o\000\040\000d\000e\000\040\000d\000i\000n\000\341\000m\000i\000c\000a\000\040\000n\000e\000u\000r\000o\000n\000a\000l}{chapter.3}% 30
\BOOKMARK [1][-]{section.3.2}{\376\377\000M\000o\000d\000e\000l\000o\000\040\000R\000o\000b\000\363\000t\000i\000c\000o\000\040\000I\000n\000s\000p\000i\000r\000a\000d\000o\000\040\000e\000n\000\040\000C\000.\000\040\000e\000l\000e\000g\000a\000n\000s}{chapter.3}% 31
\BOOKMARK [2][-]{subsection.3.2.1}{\376\377\000R\000o\000b\000o\000t\000\040\000G\000o\000P\000i\000G\000o}{section.3.2}% 32
\BOOKMARK [2][-]{subsection.3.2.2}{\376\377\000S\000i\000m\000u\000l\000a\000c\000i\000\363\000n\000\040\000d\000e\000\040\000l\000a\000\040\000d\000i\000n\000\341\000m\000i\000c\000a\000\040\000n\000e\000u\000r\000o\000n\000a\000l\000\040\000e\000n\000\040\000e\000l\000\040\000c\000o\000n\000n\000e\000c\000t\000o\000m\000a\000\040\000d\000e\000\040\000C\000.\000\040\000e\000l\000e\000g\000a\000n\000s}{section.3.2}% 33
\BOOKMARK [2][-]{subsection.3.2.3}{\376\377\000R\000o\000b\000o\000t\000\040\000p\000e\000r\000s\000o\000n\000a\000l\000i\000z\000a\000d\000o}{section.3.2}% 34
\BOOKMARK [1][-]{section.3.3}{\376\377\000D\000i\000n\000\341\000m\000i\000c\000a\000\040\000n\000e\000u\000r\000o\000n\000a\000l\000\040\000g\000l\000o\000b\000a\000l}{chapter.3}% 35
\BOOKMARK [1][-]{section.3.4}{\376\377\000D\000i\000s\000c\000u\000s\000i\000\363\000n}{chapter.3}% 36
\BOOKMARK [0][-]{chapter.4}{\376\377\000R\000e\000s\000u\000l\000t\000a\000d\000o\000s\000\040\000d\000e\000\040\000C\000o\000m\000p\000o\000r\000t\000a\000m\000i\000e\000n\000t\000o\000s\000\040\000e\000m\000e\000r\000g\000e\000n\000t\000e\000s\000\040\000e\000n\000\040\000R\000o\000b\000o\000t\000s\000\040\000c\000o\000n\000\040\000e\000l\000\040\000C\000o\000n\000e\000c\000t\000o\000m\000a\000\040\000d\000e\000\040\000C\000.\000\040\000e\000l\000e\000g\000a\000n\000s}{part.1}% 37
\BOOKMARK [1][-]{section.4.1}{\376\377\000E\000v\000a\000l\000u\000a\000c\000i\000\363\000n\000\040\000d\000e\000l\000\040\000C\000o\000m\000p\000o\000r\000t\000a\000m\000i\000e\000n\000t\000o\000\040\000d\000e\000l\000\040\000N\000e\000u\000r\000o\000r\000o\000b\000o\000t}{chapter.4}% 38
\BOOKMARK [2][-]{subsection.4.1.1}{\376\377\000P\000r\000u\000e\000b\000a\000\040\000d\000e\000l\000\040\000P\000a\000r\000\341\000m\000e\000t\000r\000o\000\040\000d\000e\000\040\000U\000m\000b\000r\000a\000l\000\040\000\050\000h\000\051}{section.4.1}% 39
\BOOKMARK [2][-]{subsection.4.1.2}{\376\377\000V\000a\000r\000i\000a\000c\000i\000\363\000n\000\040\000d\000e\000\040\000l\000a\000s\000\040\000P\000a\000u\000s\000a\000s\000\040\000y\000\040\000s\000u\000\040\000I\000m\000p\000a\000c\000t\000o\000\040\000e\000n\000\040\000e\000l\000\040\000C\000o\000m\000p\000o\000r\000t\000a\000m\000i\000e\000n\000t\000o}{section.4.1}% 40
\BOOKMARK [2][-]{subsection.4.1.3}{\376\377\000E\000f\000e\000c\000t\000o\000s\000\040\000d\000e\000\040\000l\000a\000\040\000A\000l\000e\000a\000t\000o\000r\000i\000e\000d\000a\000d\000\040\000e\000n\000\040\000e\000l\000\040\000C\000o\000n\000e\000c\000t\000o\000m\000a}{section.4.1}% 41
\BOOKMARK [1][-]{section.4.2}{\376\377\000C\000o\000m\000p\000o\000r\000t\000a\000m\000i\000e\000n\000t\000o\000\040\000d\000e\000\040\000l\000a\000\040\000d\000i\000n\000\341\000m\000i\000c\000a\000\040\000n\000e\000u\000r\000o\000n\000a\000l\000\040\000G\000l\000o\000b\000a\000l}{chapter.4}% 42
\BOOKMARK [1][-]{section.4.3}{\376\377\000N\000e\000u\000r\000o\000n\000a\000s\000\040\000E\000s\000t\000i\000m\000u\000l\000a\000d\000a\000s\000\040\000y\000\040\000C\000o\000m\000p\000o\000r\000t\000a\000m\000i\000e\000n\000t\000o\000\040\000d\000e\000l\000\040\000R\000o\000b\000o\000t}{chapter.4}% 43
\BOOKMARK [2][-]{subsection.4.3.1}{\376\377\000D\000i\000s\000c\000u\000s\000i\000\363\000n}{section.4.3}% 44
\BOOKMARK [1][-]{section.4.4}{\376\377\000L\000a\000\040\000a\000c\000t\000i\000v\000i\000d\000a\000d\000\040\000n\000e\000u\000r\000o\000n\000a\000l\000\040\000g\000l\000o\000b\000a\000l\000\040\000e\000v\000o\000l\000u\000c\000i\000o\000n\000a\000\040\000e\000n\000\040\000u\000n\000\040\000c\000o\000l\000e\000c\000t\000o\000r\000\040\000d\000e\000\040\000d\000i\000m\000e\000n\000s\000i\000\363\000n\000\040\000b\000a\000j\000a\000\040\000s\000i\000m\000i\000l\000a\000r\000\040\000a\000\040\000u\000n\000\040\000a\000t\000r\000a\000c\000t\000o\000r}{chapter.4}% 45
\BOOKMARK [2][-]{subsection.4.4.1}{\376\377\000D\000i\000s\000c\000u\000s\000i\000\363\000n}{section.4.4}% 46
\BOOKMARK [1][-]{section.4.5}{\376\377\000D\000i\000n\000\341\000m\000i\000c\000a\000s\000\040\000n\000e\000u\000r\000o\000n\000a\000l\000e\000s\000\040\000e\000m\000e\000r\000g\000e\000n\000t\000e\000s}{chapter.4}% 47
\BOOKMARK [2][-]{subsection.4.5.1}{\376\377\000\040\000S\000i\000n\000c\000r\000o\000n\000i\000z\000a\000c\000i\000\363\000n\000\040\000d\000e\000\040\000f\000r\000e\000c\000u\000e\000n\000c\000i\000a\000\040\000y\000\040\000f\000a\000s\000e}{section.4.5}% 48
\BOOKMARK [2][-]{subsection.4.5.2}{\376\377\000D\000i\000n\000\341\000m\000i\000c\000a\000\040\000n\000e\000u\000r\000o\000n\000a\000l\000\040\000a\000n\000i\000d\000a\000d\000a}{section.4.5}% 49
\BOOKMARK [2][-]{subsection.4.5.3}{\376\377\000D\000i\000n\000\341\000m\000i\000c\000a\000\040\000n\000e\000u\000r\000o\000n\000a\000l\000\040\000y\000\040\000a\000c\000c\000i\000o\000n\000e\000s\000\040\000d\000e\000l\000\040\000r\000o\000b\000o\000t}{section.4.5}% 50
\BOOKMARK [2][-]{subsection.4.5.4}{\376\377\000D\000i\000s\000c\000u\000s\000i\000\363\000n}{section.4.5}% 51
\BOOKMARK [1][-]{section.4.6}{\376\377\000D\000i\000s\000c\000u\000s\000i\000\363\000n}{chapter.4}% 52
\BOOKMARK [-1][-]{part.2}{\376\377\000I\000I\000\040\000M\000o\000d\000e\000l\000a\000d\000o\000,\000\040\000V\000a\000l\000i\000d\000a\000c\000i\000\363\000n\000\040\000E\000x\000p\000e\000r\000i\000m\000e\000n\000t\000a\000l\000\040\000y\000\040\000C\000r\000i\000t\000i\000c\000a\000l\000i\000d\000a\000d\000\040\000N\000e\000u\000r\000o\000n\000a\000l\000\040\000e\000n\000\040\000C\000.\000\040\000e\000l\000e\000g\000a\000n\000s}{}% 53
\BOOKMARK [0][-]{chapter.5}{\376\377\000D\000i\000n\000\341\000m\000i\000c\000a\000\040\000n\000e\000u\000r\000o\000n\000a\000l\000\040\000c\000r\000i\000t\000i\000c\000a}{part.2}% 54
\BOOKMARK [1][-]{section.5.1}{\376\377\000F\000\355\000s\000i\000c\000a\000\040\000d\000e\000\040\000s\000i\000s\000t\000e\000m\000a\000s\000\040\000c\000o\000m\000p\000l\000e\000j\000o\000s\000\040\000y\000\040\000t\000r\000a\000n\000s\000i\000c\000i\000o\000n\000e\000s\000\040\000d\000e\000\040\000f\000a\000s\000e}{chapter.5}% 55
\BOOKMARK [2][-]{subsection.5.1.1}{\376\377\000T\000r\000a\000n\000s\000i\000c\000i\000o\000n\000e\000s\000\040\000d\000e\000\040\000f\000a\000s\000e\000\040\000e\000n\000\040\000f\000\355\000s\000i\000c\000a}{section.5.1}% 56
\BOOKMARK [2][-]{subsection.5.1.2}{\376\377\000T\000r\000a\000n\000s\000i\000c\000i\000o\000n\000e\000s\000\040\000d\000e\000\040\000f\000a\000s\000e\000\040\000e\000n\000\040\000b\000i\000o\000l\000o\000g\000\355\000a}{section.5.1}% 57
\BOOKMARK [1][-]{section.5.2}{\376\377\000H\000i\000p\000\363\000t\000e\000s\000i\000s\000\040\000d\000e\000\040\000l\000a\000\040\000c\000r\000i\000t\000i\000c\000i\000d\000a\000d\000\040\000n\000e\000u\000r\000o\000n\000a\000l}{chapter.5}% 58
\BOOKMARK [2][-]{subsection.5.2.1}{\376\377\000M\000e\000c\000a\000n\000i\000s\000m\000o\000s\000\040\000h\000o\000m\000e\000o\000s\000t\000\341\000t\000i\000c\000o\000s\000\040\000d\000e\000\040\000m\000a\000n\000t\000e\000n\000i\000m\000i\000e\000n\000t\000o\000\040\000d\000e\000l\000\040\000e\000s\000t\000a\000d\000o\000\040\000C\000r\000\355\000t\000i\000c\000o}{section.5.2}% 59
\BOOKMARK [1][-]{section.5.3}{\376\377\000T\000r\000a\000s\000t\000o\000r\000n\000o\000s\000\040\000c\000e\000r\000e\000b\000r\000a\000l\000e\000s\000\040\000y\000\040\000a\000l\000t\000e\000r\000a\000c\000i\000o\000n\000e\000s\000\040\000d\000e\000\040\000l\000a\000\040\000c\000r\000i\000t\000i\000c\000i\000d\000a\000d}{chapter.5}% 60
\BOOKMARK [1][-]{section.5.4}{\376\377\000M\000\351\000t\000r\000i\000c\000a\000s\000\040\000e\000x\000p\000e\000r\000i\000m\000e\000n\000t\000a\000l\000e\000s\000\040\000d\000e\000\040\000c\000r\000i\000t\000i\000c\000i\000d\000a\000d}{chapter.5}% 61
\BOOKMARK [2][-]{subsection.5.4.1}{\376\377\000E\000s\000c\000a\000l\000a\000m\000i\000e\000n\000t\000o\000\040\000d\000e\000\040\000l\000a\000\040\000l\000e\000y\000\040\000d\000e\000\040\000p\000o\000t\000e\000n\000c\000i\000a}{section.5.4}% 62
\BOOKMARK [2][-]{subsection.5.4.2}{\376\377\000E\000s\000c\000a\000l\000a\000m\000i\000e\000n\000t\000o\000\040\000d\000e\000\040\000l\000a\000\040\000l\000e\000y\000\040\000d\000e\000\040\000p\000o\000t\000e\000n\000c\000i\000a\000\040\000d\000e\000\040\000l\000a\000s\000\040\000a\000v\000a\000l\000a\000n\000c\000h\000a\000s\000\040\000n\000e\000u\000r\000o\000n\000a\000l\000e\000s\000\040}{section.5.4}% 63
\BOOKMARK [2][-]{subsection.5.4.3}{\376\377\000P\000a\000r\000\341\000m\000e\000t\000r\000o\000\040\000d\000e\000\040\000r\000a\000m\000i\000f\000i\000c\000a\000c\000i\000\363\000n}{section.5.4}% 64
\BOOKMARK [2][-]{subsection.5.4.4}{\376\377\000C\000o\000l\000a\000p\000s\000o\000\040\000d\000e\000\040\000f\000o\000r\000m\000a}{section.5.4}% 65
\BOOKMARK [2][-]{subsection.5.4.5}{\376\377\000S\000u\000b\000m\000u\000e\000s\000t\000r\000e\000o\000\040\000e\000s\000p\000a\000c\000i\000a\000l}{section.5.4}% 66
\BOOKMARK [2][-]{subsection.5.4.6}{\376\377\000C\000o\000r\000r\000e\000l\000a\000c\000i\000\363\000n\000\040\000t\000e\000m\000p\000o\000r\000a\000l\000\040\000d\000e\000\040\000l\000a\000r\000g\000o\000\040\000a\000l\000c\000a\000n\000c\000e\000,\000\040\000r\000a\000l\000e\000n\000t\000i\000z\000a\000c\000i\000\363\000n\000\040\000c\000r\000\355\000t\000i\000c\000a\000\040\000y\000\040\000f\000l\000i\000c\000k\000e\000r\000i\000n\000g}{section.5.4}% 67
\BOOKMARK [2][-]{subsection.5.4.7}{\376\377\000R\000u\000i\000d\000o\000\040\000\050\0001\000/\000\040\000f\000\040\000\051\000\040\000y\000\040\000l\000e\000y\000\040\000d\000e\000\040\000p\000o\000t\000e\000n\000c\000i\000a}{section.5.4}% 68
\BOOKMARK [1][-]{section.5.5}{\376\377\000D\000i\000s\000c\000u\000s\000i\000\363\000n}{chapter.5}% 69
\BOOKMARK [0][-]{chapter.6}{\376\377\000T\000e\000o\000r\000\355\000a\000\040\000d\000e\000\040\000l\000a\000\040\000p\000e\000r\000c\000o\000l\000a\000c\000i\000\363\000n\000\040\000y\000\040\000p\000a\000r\000\341\000m\000e\000t\000r\000o\000\040\000d\000e\000\040\000o\000r\000d\000e\000n}{part.2}% 70
\BOOKMARK [1][-]{section.6.1}{\376\377\000I\000n\000t\000r\000o\000d\000u\000c\000c\000i\000\363\000n}{chapter.6}% 71
\BOOKMARK [1][-]{section.6.2}{\376\377\000F\000e\000n\000o\000m\000e\000n\000o\000l\000o\000g\000\355\000a}{chapter.6}% 72
\BOOKMARK [2][-]{subsection.6.2.1}{\376\377\000P\000e\000r\000c\000o\000l\000a\000c\000i\000\363\000n\000\040\000d\000e\000\040\000e\000n\000l\000a\000c\000e\000s\000\040\000y\000\040\000s\000i\000t\000i\000o\000s}{section.6.2}% 73
\BOOKMARK [1][-]{section.6.3}{\376\377\000F\000u\000n\000d\000a\000m\000e\000n\000t\000o\000s\000\040\000m\000a\000t\000e\000m\000\341\000t\000i\000c\000o\000s\000\040\000d\000e\000\040\000l\000a\000\040\000p\000e\000r\000c\000o\000l\000a\000c\000i\000\363\000n}{chapter.6}% 74
\BOOKMARK [1][-]{section.6.4}{\376\377\000L\000a\000\040\000p\000e\000r\000c\000o\000l\000a\000c\000i\000\363\000n\000\040\000c\000o\000m\000o\000\040\000f\000e\000n\000\363\000m\000e\000n\000o\000\040\000c\000r\000\355\000t\000i\000c\000o}{chapter.6}% 75
\BOOKMARK [2][-]{subsection.6.4.1}{\376\377\000P\000a\000r\000\341\000m\000e\000t\000r\000o\000\040\000d\000e\000\040\000o\000r\000d\000e\000n}{section.6.4}% 76
\BOOKMARK [2][-]{subsection.6.4.2}{\376\377\000\040\000E\000l\000\040\000t\000a\000m\000a\000\361\000o\000\040\000p\000r\000o\000m\000e\000d\000i\000o\000\040\000d\000e\000\040\000l\000o\000s\000\040\000c\000l\000\372\000s\000t\000e\000r\000e\000s\000\040\000\040\000\050\000p\000\051}{section.6.4}% 77
\BOOKMARK [2][-]{subsection.6.4.3}{\376\377\000T\000e\000o\000r\000\355\000a\000\040\000d\000e\000\040\000e\000s\000c\000a\000l\000a\000\040\000y\000\040\000e\000x\000p\000o\000n\000e\000n\000t\000e\000s\000\040\000c\000r\000\355\000t\000i\000c\000o\000s}{section.6.4}% 78
\BOOKMARK [2][-]{subsection.6.4.4}{\376\377\000\040\000T\000e\000o\000r\000\355\000a\000\040\000d\000e\000\040\000e\000s\000c\000a\000l\000a\000\040\000e\000n\000\040\000e\000l\000\040\000n\000\372\000m\000e\000r\000o\000\040\000d\000e\000\040\000c\000l\000\372\000s\000t\000e\000r\000e\000s\000\040}{section.6.4}% 79
\BOOKMARK [2][-]{subsection.6.4.5}{\376\377\000E\000s\000t\000r\000u\000c\000t\000u\000r\000a\000\040\000f\000r\000a\000c\000t\000a\000l\000\040\000d\000e\000\040\000l\000o\000s\000\040\000c\000l\000\372\000s\000t\000e\000r\000e\000s\000\040\000e\000n\000\040\000e\000l\000\040\000f\000e\000n\000\363\000m\000e\000n\000o\000\040\000d\000e\000\040\000p\000e\000r\000c\000o\000l\000a\000c\000i\000\363\000n}{section.6.4}% 80
\BOOKMARK [2][-]{subsection.6.4.6}{\376\377\000\040\000E\000s\000c\000a\000l\000e\000o\000\040\000c\000o\000n\000\040\000e\000l\000\040\000t\000a\000m\000a\000\361\000o\000\040\000f\000i\000n\000i\000t\000o\000\040\000\050\000F\000i\000n\000i\000t\000e\000-\000S\000i\000z\000e\000\040\000S\000c\000a\000l\000i\000n\000g\000,\000F\000S\000S\000\051}{section.6.4}% 81
\BOOKMARK [1][-]{section.6.5}{\376\377\000D\000i\000s\000c\000u\000s\000i\000\363\000n}{chapter.6}% 82
\BOOKMARK [0][-]{chapter.7}{\376\377\000M\000o\000d\000e\000l\000o\000\040\000d\000e\000\040\000c\000r\000i\000t\000i\000c\000i\000d\000a\000d\000\040\000n\000e\000u\000r\000o\000n\000a\000l}{part.2}% 83
\BOOKMARK [1][-]{section.7.1}{\376\377\000I\000n\000t\000r\000o\000d\000u\000c\000c\000i\000\363\000n}{chapter.7}% 84
\BOOKMARK [2][-]{subsection.7.1.1}{\376\377\000A\000u\000t\000\363\000m\000a\000t\000a\000s\000\040\000c\000e\000l\000u\000l\000a\000r\000e\000s}{section.7.1}% 85
\BOOKMARK [2][-]{subsection.7.1.2}{\376\377\000M\000o\000d\000e\000l\000a\000d\000o\000\040\000m\000a\000t\000e\000m\000\341\000t\000i\000c\000o\000\040\000d\000e\000\040\000a\000u\000t\000\363\000m\000a\000t\000a\000s\000\040\000c\000e\000l\000u\000l\000a\000r\000e\000s\000\040\000d\000e\000t\000e\000r\000m\000i\000n\000i\000s\000t\000a\000s\000\040\000y\000\040\000e\000s\000t\000o\000c\000\341\000s\000t\000i\000c\000o\000s}{section.7.1}% 86
\BOOKMARK [2][-]{subsection.7.1.3}{\376\377\000D\000i\000n\000\341\000m\000i\000c\000a\000\040\000d\000e\000l\000\040\000s\000i\000s\000t\000e\000m\000a}{section.7.1}% 87
\BOOKMARK [1][-]{section.7.2}{\376\377\000M\000o\000d\000e\000l\000o\000s\000\040\000d\000e\000\040\000A\000C\000\040\000d\000e\000\040\000s\000i\000s\000t\000e\000m\000a\000s\000\040\000e\000x\000c\000i\000t\000a\000b\000l\000e\000s}{chapter.7}% 88
\BOOKMARK [2][-]{subsection.7.2.1}{\376\377\000M\000o\000d\000e\000l\000o\000\040\000d\000e\000\040\000G\000r\000e\000e\000n\000b\000e\000r\000g\000-\000H\000a\000s\000t\000i\000n\000g\000s}{section.7.2}% 89
\BOOKMARK [1][-]{section.7.3}{\376\377\000D\000i\000n\000\341\000m\000i\000c\000a\000\040\000c\000r\000i\000t\000i\000c\000a\000\040\000e\000n\000\040\000e\000l\000\040\000C\000\040\000e\000l\000e\000g\000a\000n\000s}{chapter.7}% 90
\BOOKMARK [2][-]{subsection.7.3.1}{\376\377\000M\000o\000d\000e\000l\000o\000\040\000d\000e\000\040\000G\000H\000\040\000a\000p\000l\000i\000c\000a\000d\000o\000\040\000a\000l\000\040\000s\000i\000s\000t\000e\000m\000a\000\040\000n\000e\000r\000v\000i\000o\000s\000o\000\040\000d\000e\000\040\000C\000.\000\040\000e\000l\000e\000g\000a\000n\000s\000\040}{section.7.3}% 91
\BOOKMARK [2][-]{subsection.7.3.2}{\376\377\000T\000e\000o\000r\000\355\000a\000\040\000d\000e\000\040\000c\000a\000m\000p\000o\000\040\000m\000e\000d\000i\000o\000\040\000d\000e\000l\000\040\000m\000o\000d\000e\000l\000o\000\040\000n\000e\000u\000r\000o\000n\000a\000l}{section.7.3}% 92
\BOOKMARK [1][-]{section.7.4}{\376\377\000D\000i\000s\000c\000u\000s\000i\000\363\000n}{chapter.7}% 93
\BOOKMARK [0][-]{chapter.8}{\376\377\000M\000\351\000t\000o\000d\000o\000s\000\040\000y\000\040\000p\000r\000o\000t\000o\000c\000o\000l\000o\000s}{part.2}% 94
\BOOKMARK [1][-]{section.8.1}{\376\377\000I\000n\000t\000r\000o\000d\000u\000c\000c\000i\000\363\000n}{chapter.8}% 95
\BOOKMARK [1][-]{section.8.2}{\376\377\000I\000n\000f\000e\000r\000e\000n\000c\000i\000a\000\040\000d\000e\000\040\000s\000p\000i\000k\000e\000s}{chapter.8}% 96
\BOOKMARK [2][-]{subsection.8.2.1}{\376\377\000A\000l\000g\000o\000r\000i\000t\000m\000o\000s\000\040\000d\000e\000\040\000d\000e\000c\000o\000n\000v\000o\000l\000u\000c\000i\000\363\000n}{section.8.2}% 97
\BOOKMARK [2][-]{subsection.8.2.2}{\376\377\000A\000l\000g\000o\000r\000i\000t\000m\000o\000s\000\040\000d\000e\000\040\000a\000p\000r\000e\000n\000d\000i\000z\000a\000j\000e\000\040\000p\000r\000o\000f\000u\000n\000d\000o}{section.8.2}% 98
\BOOKMARK [2][-]{subsection.8.2.3}{\376\377\000M\000\351\000t\000o\000d\000o\000\040\000d\000e\000\040\000K\000a\000p\000l\000a\000n\000\040\000p\000a\000r\000a\000\040\000d\000e\000t\000e\000c\000t\000a\000r\000\040\000p\000i\000c\000o\000s\000\040\000n\000e\000u\000r\000o\000n\000a\000l\000e\000s}{section.8.2}% 99
\BOOKMARK [1][-]{section.8.3}{\376\377\000C\000l\000\372\000s\000t\000e\000r\000e\000s\000\040\000d\000e\000\040\000l\000a\000\040\000d\000i\000n\000\341\000m\000i\000c\000a\000\040\000n\000e\000u\000r\000o\000n\000a\000l}{chapter.8}% 100
\BOOKMARK [2][-]{subsection.8.3.1}{\376\377\000\040\000C\000o\000m\000p\000o\000n\000e\000n\000t\000e\000s\000\040\000c\000o\000n\000e\000x\000a\000s\000\040}{section.8.3}% 101
\BOOKMARK [2][-]{subsection.8.3.2}{\376\377\000A\000l\000g\000o\000r\000i\000t\000m\000o\000\040\000d\000e\000\040\000c\000l\000\372\000s\000t\000e\000r\000e\000s\000\040\000n\000e\000u\000r\000o\000n\000a\000l\000e\000s\000\040}{section.8.3}% 102
\BOOKMARK [2][-]{subsection.8.3.3}{\376\377\000M\000e\000d\000i\000c\000i\000\363\000n\000\040\000d\000e\000\040\000l\000a\000\040\000d\000e\000n\000s\000i\000d\000a\000d\000\040\000d\000e\000\040\000n\000\372\000m\000e\000r\000o\000s\000\040\000d\000e\000\040\000c\000l\000\372\000s\000t\000e\000r\000e\000s}{section.8.3}% 103
\BOOKMARK [1][-]{section.8.4}{\376\377\000A\000j\000u\000s\000t\000e\000\040\000d\000e\000\040\000d\000i\000s\000t\000r\000i\000b\000u\000c\000i\000o\000n\000e\000s\000\040\000d\000e\000\040\000c\000o\000l\000a\000\040\000p\000e\000s\000a\000d\000a}{chapter.8}% 104
\BOOKMARK [2][-]{subsection.8.4.1}{\376\377\000P\000r\000i\000m\000e\000r\000\040\000m\000\351\000t\000o\000d\000o}{section.8.4}% 105
\BOOKMARK [2][-]{subsection.8.4.2}{\376\377\000S\000e\000g\000u\000n\000d\000o\000\040\000m\000\351\000t\000o\000d\000o}{section.8.4}% 106
\BOOKMARK [1][-]{section.8.5}{\376\377\000M\000e\000t\000o\000d\000o\000l\000o\000g\000\355\000a}{chapter.8}% 107
\BOOKMARK [2][-]{subsection.8.5.1}{\376\377\000P\000r\000u\000e\000b\000a\000\040\000d\000e\000\040\000h\000i\000p\000\363\000t\000e\000s\000i\000s\000\040\000d\000e\000\040\000l\000a\000\040\000l\000e\000y\000\040\000d\000e\000\040\000p\000o\000t\000e\000n\000c\000i\000a}{section.8.5}% 108
\BOOKMARK [1][-]{section.8.6}{\376\377\000D\000i\000s\000c\000u\000s\000i\000\363\000n}{chapter.8}% 109
\BOOKMARK [0][-]{chapter.9}{\376\377\000D\000i\000n\000\341\000m\000i\000c\000a\000\040\000n\000e\000u\000r\000o\000n\000a\000l\000\040\000e\000x\000p\000e\000r\000i\000m\000e\000n\000t\000a\000l\000\040\000d\000e\000l\000\040\000C\000.\000\040\000e\000l\000e\000g\000a\000n\000s}{part.2}% 110
\BOOKMARK [1][-]{section.9.1}{\376\377\000D\000i\000n\000a\000m\000i\000c\000a\000\040\000n\000e\000u\000r\000o\000n\000a\000l\000\040\000e\000x\000p\000e\000r\000i\000m\000e\000n\000t\000o\000s\000\040\000C\000.\000\040\000e\000l\000e\000g\000a\000n\000s}{chapter.9}% 111
\BOOKMARK [2][-]{subsection.9.1.1}{\376\377\000O\000A\000S\000I\000S}{section.9.1}% 112
\BOOKMARK [2][-]{subsection.9.1.2}{\376\377\000M\000C\000M\000C}{section.9.1}% 113
\BOOKMARK [2][-]{subsection.9.1.3}{\376\377\000M\000\351\000t\000o\000d\000o\000\040\000d\000e\000\040\000K\000a\000p\000l\000a\000n\000\040\000p\000a\000r\000a\000\040\000d\000e\000t\000e\000c\000t\000a\000r\000\040\000p\000i\000c\000o\000s\000\040\000n\000e\000u\000r\000o\000n\000a\000l\000e\000s}{section.9.1}% 114
\BOOKMARK [2][-]{subsection.9.1.4}{\376\377\000C\000A\000S\000C\000A\000D\000E}{section.9.1}% 115
\BOOKMARK [2][-]{subsection.9.1.5}{\376\377\000P\000a\000t\000r\000o\000n\000e\000s\000\040\000d\000e\000\040\000a\000c\000t\000i\000v\000i\000d\000a\000d\000\040\000n\000e\000u\000r\000o\000n\000a\000l\000\040\000o\000b\000s\000e\000r\000v\000a\000d\000o\000s}{section.9.1}% 116
\BOOKMARK [2][-]{subsection.9.1.6}{\376\377\000D\000i\000s\000c\000u\000s\000i\000\363\000n}{section.9.1}% 117
\BOOKMARK [1][-]{section.9.2}{\376\377\000C\000l\000\372\000s\000t\000e\000r\000e\000s\000\040\000d\000e\000\040\000a\000c\000t\000i\000v\000i\000d\000a\000d\000\040\000n\000e\000u\000r\000o\000n\000a\000l}{chapter.9}% 118
\BOOKMARK [2][-]{subsection.9.2.1}{\376\377\000C\000o\000r\000r\000e\000l\000a\000c\000i\000\363\000n\000\040\000e\000n\000t\000r\000e\000\040\000a\000c\000t\000i\000v\000i\000d\000a\000d\000e\000s\000\040\000n\000e\000u\000r\000o\000n\000a\000l\000e\000s}{section.9.2}% 119
\BOOKMARK [2][-]{subsection.9.2.2}{\376\377\000C\000a\000l\000c\000u\000l\000o\000\040\000d\000e\000\040\000d\000i\000s\000t\000r\000i\000b\000u\000c\000i\000\363\000n\000\040\000d\000e\000\040\000c\000l\000\372\000s\000t\000e\000r\000e\000s\000\040\000r\000e\000d\000\040\000c\000u\000a\000d\000r\000a\000d\000a}{section.9.2}% 120
\BOOKMARK [2][-]{subsection.9.2.3}{\376\377\000E\000s\000t\000a\000d\000\355\000s\000t\000i\000c\000a\000s\000\040\000d\000e\000\040\000l\000o\000s\000\040\000c\000l\000\372\000s\000t\000e\000r\000e\000s\000\040\000d\000e\000\040\000l\000a\000\040\000a\000c\000t\000i\000v\000i\000d\000a\000d\000\040\000n\000e\000u\000r\000o\000n\000a\000l\000\040}{section.9.2}% 121
\BOOKMARK [2][-]{subsection.9.2.4}{\376\377\000D\000i\000s\000t\000r\000i\000b\000u\000c\000i\000\363\000n\000\040\000d\000e\000l\000\040\000t\000a\000m\000a\000\361\000o\000\040\000d\000e\000\040\000c\000l\000\372\000s\000t\000e\000r\000e\000s\000\040\000n\000\050\000s\000,\000p\000\051}{section.9.2}% 122
\BOOKMARK [2][-]{subsection.9.2.5}{\376\377\000L\000o\000n\000g\000i\000t\000u\000d\000\040\000d\000e\000\040\000c\000o\000r\000r\000e\000l\000a\000c\000i\000\363\000n}{section.9.2}% 123
\BOOKMARK [0][-]{chapter.10}{\376\377\000D\000i\000n\000\341\000m\000i\000c\000a\000\040\000n\000e\000u\000r\000o\000n\000a\000l\000\040\000e\000n\000\040\000e\000l\000\040\000c\000o\000n\000e\000c\000t\000o\000m\000a\000\040\000d\000e\000l\000\040\000C\000.\000\040\000e\000l\000e\000g\000a\000n\000s}{part.2}% 124
\BOOKMARK [1][-]{section.10.1}{\376\377\000M\000o\000d\000e\000l\000o\000\040\000c\000o\000m\000p\000u\000t\000a\000c\000i\000o\000n\000a\000l\000\040\000d\000e\000\040\000d\000i\000n\000\341\000m\000i\000c\000a\000\040\000n\000e\000u\000r\000o\000n\000a\000l}{chapter.10}% 125
\BOOKMARK [2][-]{subsection.10.1.1}{\376\377\000C\000a\000r\000a\000c\000t\000e\000r\000i\000z\000a\000c\000i\000\363\000n\000\040\000d\000e\000\040\000l\000a\000\040\000d\000i\000n\000\341\000m\000i\000c\000a\000\040\000n\000e\000u\000r\000o\000n\000a\000l\000\040\000s\000i\000m\000u\000l\000a\000d\000a}{section.10.1}% 126
\BOOKMARK [2][-]{subsection.10.1.2}{\376\377\000E\000s\000t\000i\000m\000a\000c\000i\000\363\000n\000\040\000d\000e\000\040\000l\000o\000s\000\040\000t\000i\000e\000m\000p\000o\000s\000\040\000d\000e\000\040\000r\000e\000l\000a\000j\000a\000c\000i\000\363\000n\000\040}{section.10.1}% 127
\BOOKMARK [2][-]{subsection.10.1.3}{\376\377\000E\000l\000e\000c\000c\000i\000\363\000n\000\040\000d\000e\000\040\000l\000o\000s\000\040\000v\000a\000l\000o\000r\000e\000s\000\040\000r\0001\000\040\000y\000\040\000r\0002}{section.10.1}% 128
\BOOKMARK [1][-]{section.10.2}{\376\377\000R\000e\000s\000u\000l\000t\000a\000d\000o\000s\000\040\000d\000e\000\040\000l\000a\000\040\000d\000i\000n\000\341\000m\000i\000c\000a\000\040\000d\000e\000l\000\040\000m\000o\000d\000e\000l\000o}{chapter.10}% 129
\BOOKMARK [2][-]{subsection.10.2.1}{\376\377\000D\000i\000a\000g\000r\000a\000m\000a\000\040\000d\000e\000\040\000f\000a\000s\000e\000s}{section.10.2}% 130
\BOOKMARK [1][-]{section.10.3}{\376\377\000C\000l\000\372\000s\000t\000e\000r\000e\000s\000\040\000d\000e\000\040\000a\000c\000t\000i\000v\000i\000d\000a\000d\000\040\000n\000e\000u\000r\000o\000n\000a\000l\000\040}{chapter.10}% 131
\BOOKMARK [2][-]{subsection.10.3.1}{\376\377\000C\000o\000r\000r\000e\000l\000a\000c\000i\000\363\000n\000\040\000e\000n\000t\000r\000e\000\040\000a\000c\000t\000i\000v\000i\000d\000a\000d\000e\000s\000\040\000n\000e\000u\000r\000o\000n\000a\000l\000e\000s\000\040}{section.10.3}% 132
\BOOKMARK [2][-]{subsection.10.3.2}{\376\377\000E\000s\000t\000a\000d\000\355\000s\000t\000i\000c\000a\000s\000\040\000d\000e\000\040\000l\000o\000s\000\040\000c\000l\000\372\000s\000t\000e\000r\000e\000s\000\040\000d\000e\000\040\000l\000a\000\040\000a\000c\000t\000i\000v\000i\000d\000a\000d\000\040\000n\000e\000u\000r\000o\000n\000a\000l\000\040}{section.10.3}% 133
\BOOKMARK [2][-]{subsection.10.3.3}{\376\377\000D\000i\000s\000t\000r\000i\000b\000u\000c\000i\000\363\000n\000\040\000d\000e\000l\000\040\000t\000a\000m\000a\000\361\000o\000\040\000d\000e\000\040\000c\000l\000\372\000s\000t\000e\000r\000e\000s\000\040\000n\000\050\000s\000,\000p\000\051}{section.10.3}% 134
\BOOKMARK [2][-]{subsection.10.3.4}{\376\377\000L\000o\000n\000g\000i\000t\000u\000d\000\040\000d\000e\000\040\000c\000o\000r\000r\000e\000l\000a\000c\000i\000\363\000n}{section.10.3}% 135
\BOOKMARK [-1][-]{part.3}{\376\377\000I\000I\000I\000\040\000C\000o\000n\000c\000l\000u\000s\000i\000o\000n\000e\000s\000\040\000y\000\040\000t\000r\000a\000b\000a\000j\000o\000\040\000f\000u\000t\000u\000r\000o}{}% 136
\BOOKMARK [0][-]{chapter.11}{\376\377\000C\000o\000n\000c\000l\000u\000s\000i\000o\000n\000e\000s\000\040\000y\000\040\000T\000r\000a\000b\000a\000j\000o\000\040\000f\000u\000t\000u\000r\000o}{part.3}% 137
\BOOKMARK [1][-]{section.11.1}{\376\377\000C\000o\000n\000c\000l\000u\000s\000i\000o\000n\000e\000s\000\040\000g\000e\000n\000e\000r\000a\000l\000e\000s}{chapter.11}% 138
\BOOKMARK [2][-]{subsection.11.1.1}{\376\377\000C\000o\000m\000p\000o\000r\000t\000a\000m\000i\000e\000n\000t\000o\000s\000\040\000e\000m\000e\000r\000g\000e\000n\000t\000e\000s\000\040\000e\000n\000\040\000u\000n\000\040\000r\000o\000b\000o\000t\000\040\000c\000o\000n\000\040\000l\000a\000\040\000d\000i\000n\000\341\000m\000i\000c\000a\000\040\000n\000e\000u\000r\000o\000n\000a\000l\000\040\000d\000e\000l\000\040\000C\000.\000\040\000e\000l\000e\000g\000a\000n\000s}{section.11.1}% 139
\BOOKMARK [2][-]{subsection.11.1.2}{\376\377\000D\000i\000n\000\341\000m\000i\000c\000a\000\040\000n\000e\000u\000r\000o\000n\000a\000l\000\040\000c\000r\000i\000t\000i\000c\000a\000\040\000e\000n\000\040\000e\000l\000\040\000C\000.\000\040\000e\000l\000e\000g\000a\000n\000s}{section.11.1}% 140
\BOOKMARK [1][-]{section.11.2}{\376\377\000T\000r\000a\000b\000a\000j\000o\000\040\000f\000u\000t\000u\000r\000o}{chapter.11}% 141
\BOOKMARK [0][-]{appendix.Alph1}{\376\377\000D\000i\000f\000e\000r\000e\000n\000c\000i\000a\000c\000i\000\363\000n\000\040\000n\000u\000m\000\351\000r\000i\000c\000a\000\040\000d\000e\000\040\000d\000a\000t\000o\000s\000\040\000r\000u\000i\000d\000o\000s\000o\000s\000\040\000y\000\040\000n\000o\000\040\000s\000u\000a\000v\000e\000s}{part.3}% 142
\BOOKMARK [1][-]{section.Alph1.1}{\376\377\000I\000n\000t\000r\000o\000d\000u\000c\000c\000i\000\363\000n}{appendix.Alph1}% 143
\BOOKMARK [1][-]{section.Alph1.2}{\376\377\000\040\000R\000e\000g\000u\000l\000a\000r\000i\000z\000a\000c\000i\000\363\000n\000\040\000d\000e\000\040\000v\000a\000r\000i\000a\000c\000i\000\363\000n\000\040\000t\000o\000t\000a\000l\000\040}{appendix.Alph1}% 144
\BOOKMARK [1][-]{section.Alph1.3}{\376\377\000I\000m\000p\000l\000e\000m\000e\000n\000t\000a\000c\000i\000\363\000n\000\040\000n\000u\000m\000\351\000r\000i\000c\000a}{appendix.Alph1}% 145
\BOOKMARK [1][-]{section.Alph1.4}{\376\377\000E\000j\000e\000m\000p\000l\000o}{appendix.Alph1}% 146
\BOOKMARK [1][-]{section.Alph1.5}{\376\377\000E\000l\000e\000c\000c\000i\000\363\000n\000\040\000d\000e\000\040\000p\000a\000r\000\341\000m\000e\000t\000r\000o\000s\000\040\000\363\000p\000t\000i\000m\000o\000s}{appendix.Alph1}% 147
\BOOKMARK [0][-]{section*.177}{\376\377\000B\000i\000b\000l\000i\000o\000g\000r\000a\000f\000\355\000a}{part.3}% 148
\BOOKMARK [0][-]{section*.179}{\376\377\000P\000u\000b\000l\000i\000c\000a\000c\000i\000o\000n\000e\000s\000\040\000a\000s\000o\000c\000i\000a\000d\000a\000s}{part.3}% 149
\BOOKMARK [0][-]{section*.181}{\376\377\000A\000g\000r\000a\000d\000e\000c\000i\000m\000i\000e\000n\000t\000o\000s}{part.3}% 150
